<?xml version="1.0" encoding="UTF-8"?>
<coverage generated="1773102197934" clover="3.2.0">
  <project timestamp="1773102197934" name="All files">
    <metrics statements="6" coveredstatements="2" conditionals="4" coveredconditionals="1" methods="2" coveredmethods="1" elements="12" coveredelements="4" complexity="0" loc="6" ncloc="6" packages="1" files="2" classes="2"/>
    <file name="nome.js" path="D:\Emilie - Curso\Repositórios\3FaseSENAI\Teste de sistemas\09.03\tests\nome.js">
      <metrics statements="3" coveredstatements="2" conditionals="2" coveredconditionals="1" methods="1" coveredmethods="1"/>
      <line num="2" count="1" type="cond" truecount="1" falsecount="1"/>
      <line num="3" count="1" type="stmt"/>
      <line num="5" count="0" type="stmt"/>
    </file>
    <file name="sum.js" path="D:\Emilie - Curso\Repositórios\3FaseSENAI\Teste de sistemas\09.03\tests\sum.js">
      <metrics statements="3" coveredstatements="0" conditionals="2" coveredconditionals="0" methods="1" coveredmethods="0"/>
      <line num="2" count="0" type="cond" truecount="0" falsecount="2"/>
      <line num="3" count="0" type="stmt"/>
      <line num="5" count="0" type="stmt"/>
    </file>
  </project>
</coverage>
