{"D:\\Emilie - Curso\\Repositórios\\3FaseSENAI\\Teste de sistemas\\09.03\\tests\\nome.js": {"path":"D:\\Emilie - Curso\\Repositórios\\3FaseSENAI\\Teste de sistemas\\09.03\\tests\\nome.js","statementMap":{"0":{"start":{"line":2,"column":4},"end":{"line":6,"column":5}},"1":{"start":{"line":3,"column":8},"end":{"line":3,"column":29}},"2":{"start":{"line":5,"column":8},"end":{"line":5,"column":40}}},"fnMap":{"0":{"name":"nome","decl":{"start":{"line":1,"column":16},"end":{"line":1,"column":20}},"loc":{"start":{"line":1,"column":24},"end":{"line":7,"column":1}},"line":1}},"branchMap":{"0":{"loc":{"start":{"line":2,"column":4},"end":{"line":6,"column":5}},"type":"if","locations":[{"start":{"line":2,"column":4},"end":{"line":6,"column":5}},{"start":{"line":4,"column":11},"end":{"line":6,"column":5}}],"line":2}},"s":{"0":1,"1":1,"2":0},"f":{"0":1},"b":{"0":[1,0]},"_coverageSchema":"1a1c01bbd47fc00a2c39e90264f33305004495a9","hash":"7750adf0c9944102f005d6652b59a0aac88365aa"}
,"D:\\Emilie - Curso\\Repositórios\\3FaseSENAI\\Teste de sistemas\\09.03\\tests\\sum.js": {"path":"D:\\Emilie - Curso\\Repositórios\\3FaseSENAI\\Teste de sistemas\\09.03\\tests\\sum.js","statementMap":{"0":{"start":{"line":2,"column":4},"end":{"line":4,"column":5}},"1":{"start":{"line":3,"column":7},"end":{"line":3,"column":59}},"2":{"start":{"line":5,"column":4},"end":{"line":5,"column":14}}},"fnMap":{"0":{"name":"sum","decl":{"start":{"line":1,"column":16},"end":{"line":1,"column":19}},"loc":{"start":{"line":1,"column":26},"end":{"line":6,"column":1}},"line":1}},"branchMap":{"0":{"loc":{"start":{"line":2,"column":4},"end":{"line":4,"column":5}},"type":"if","locations":[{"start":{"line":2,"column":4},"end":{"line":4,"column":5}},{"start":{},"end":{}}],"line":2}},"s":{"0":0,"1":0,"2":0},"f":{"0":0},"b":{"0":[0,0]},"_coverageSchema":"1a1c01bbd47fc00a2c39e90264f33305004495a9","hash":"c57cd5baf3e950ce09345bd693de58e8d469031b"}
}
