{"D:\\Emilie - Curso\\Repositórios\\3FaseSENAI\\Teste de sistemas\\09.03\\src\\userService.js": {"path":"D:\\Emilie - Curso\\Repositórios\\3FaseSENAI\\Teste de sistemas\\09.03\\src\\userService.js","statementMap":{"0":{"start":{"line":1,"column":19},"end":{"line":19,"column":1}},"1":{"start":{"line":2,"column":0},"end":{"line":4,"column":1}},"2":{"start":{"line":3,"column":0},"end":{"line":3,"column":51}},"3":{"start":{"line":6,"column":0},"end":{"line":8,"column":1}},"4":{"start":{"line":7,"column":0},"end":{"line":7,"column":53}},"5":{"start":{"line":10,"column":16},"end":{"line":16,"column":1}},"6":{"start":{"line":18,"column":0},"end":{"line":18,"column":15}}},"fnMap":{"0":{"name":"(anonymous_0)","decl":{"start":{"line":1,"column":19},"end":{"line":1,"column":20}},"loc":{"start":{"line":1,"column":33},"end":{"line":19,"column":1}},"line":1}},"branchMap":{"0":{"loc":{"start":{"line":2,"column":0},"end":{"line":4,"column":1}},"type":"if","locations":[{"start":{"line":2,"column":0},"end":{"line":4,"column":1}},{"start":{},"end":{}}],"line":2},"1":{"loc":{"start":{"line":2,"column":3},"end":{"line":2,"column":35}},"type":"binary-expr","locations":[{"start":{"line":2,"column":3},"end":{"line":2,"column":17}},{"start":{"line":2,"column":21},"end":{"line":2,"column":35}}],"line":2},"2":{"loc":{"start":{"line":6,"column":0},"end":{"line":8,"column":1}},"type":"if","locations":[{"start":{"line":6,"column":0},"end":{"line":8,"column":1}},{"start":{},"end":{}}],"line":6}},"s":{"0":1,"1":3,"2":1,"3":2,"4":1,"5":1,"6":1},"f":{"0":3},"b":{"0":[1,2],"1":[3,2],"2":[1,1]},"_coverageSchema":"1a1c01bbd47fc00a2c39e90264f33305004495a9","hash":"c927bddd4a0b58530ff6816de100cfd4e3113d00"}
}
